# JRE version: OpenJDK Runtime Environment (8.0_152-b02) (build 1.8.0_152-release-1024-b02)
# Java VM: OpenJDK 64-Bit Server VM (25.152-b02 mixed mode windows-amd64 compressed oops)
Heap:
 PSYoungGen      total 60928K, used 14195K [0x00000000eab00000, 0x00000000f0f80000, 0x0000000100000000)
  eden space 50176K, 9% used [0x00000000eab00000,0x00000000eaf7e870,0x00000000edc00000)
  from space 10752K, 89% used [0x00000000edc00000,0x00000000ee55e5e8,0x00000000ee680000)
  to   space 12288K, 0% used [0x00000000f0380000,0x00000000f0380000,0x00000000f0f80000)
 ParOldGen       total 62976K, used 9793K [0x00000000c0000000, 0x00000000c3d80000, 0x00000000eab00000)
  object space 62976K, 15% used [0x00000000c0000000,0x00000000c0990670,0x00000000c3d80000)
 Metaspace       used 31317K, capacity 32012K, committed 32256K, reserved 1077248K
  class space    used 4269K, capacity 4495K, committed 4608K, reserved 1048576K
GC Heap History (10 events):
Event: 4.336 GC heap before
{Heap before GC invocations=4 (full 0):
 PSYoungGen      total 37888K, used 34750K [0x00000000eab00000, 0x00000000ed500000, 0x0000000100000000)
  eden space 32768K, 90% used [0x00000000eab00000,0x00000000ec7f2338,0x00000000ecb00000)
  from space 5120K, 99% used [0x00000000ecb00000,0x00000000ecffd508,0x00000000ed000000)
  to   space 5120K, 0% used [0x00000000ed000000,0x00000000ed000000,0x00000000ed500000)
 ParOldGen       total 86016K, used 3229K [0x00000000c0000000, 0x00000000c5400000, 0x00000000eab00000)
  object space 86016K, 3% used [0x00000000c0000000,0x00000000c03276e0,0x00000000c5400000)
 Metaspace       used 20697K, capacity 21076K, committed 21248K, reserved 1067008K
  class space    used 2780K, capacity 2950K, committed 3072K, reserved 1048576K
Event: 4.352 GC heap after
Heap after GC invocations=4 (full 0):
 PSYoungGen      total 37888K, used 5088K [0x00000000eab00000, 0x00000000ef500000, 0x0000000100000000)
  eden space 32768K, 0% used [0x00000000eab00000,0x00000000eab00000,0x00000000ecb00000)
  from space 5120K, 99% used [0x00000000ed000000,0x00000000ed4f8030,0x00000000ed500000)
  to   space 5120K, 0% used [0x00000000ecb00000,0x00000000ecb00000,0x00000000ed000000)
 ParOldGen       total 86016K, used 8081K [0x00000000c0000000, 0x00000000c5400000, 0x00000000eab00000)
  object space 86016K, 9% used [0x00000000c0000000,0x00000000c07e4628,0x00000000c5400000)
 Metaspace       used 20697K, capacity 21076K, committed 21248K, reserved 1067008K
  class space    used 2780K, capacity 2950K, committed 3072K, reserved 1048576K
}
Event: 4.352 GC heap before
{Heap before GC invocations=5 (full 1):
 PSYoungGen      total 37888K, used 5088K [0x00000000eab00000, 0x00000000ef500000, 0x0000000100000000)
  eden space 32768K, 0% used [0x00000000eab00000,0x00000000eab00000,0x00000000ecb00000)
  from space 5120K, 99% used [0x00000000ed000000,0x00000000ed4f8030,0x00000000ed500000)
  to   space 5120K, 0% used [0x00000000ecb00000,0x00000000ecb00000,0x00000000ed000000)
 ParOldGen       total 86016K, used 8081K [0x00000000c0000000, 0x00000000c5400000, 0x00000000eab00000)
  object space 86016K, 9% used [0x00000000c0000000,0x00000000c07e4628,0x00000000c5400000)
 Metaspace       used 20697K, capacity 21076K, committed 21248K, reserved 1067008K
  class space    used 2780K, capacity 2950K, committed 3072K, reserved 1048576K
Event: 4.394 GC heap after
Heap after GC invocations=5 (full 1):
 PSYoungGen      total 37888K, used 0K [0x00000000eab00000, 0x00000000ef500000, 0x0000000100000000)
  eden space 32768K, 0% used [0x00000000eab00000,0x00000000eab00000,0x00000000ecb00000)
  from space 5120K, 0% used [0x00000000ed000000,0x00000000ed000000,0x00000000ed500000)
  to   space 5120K, 0% used [0x00000000ecb00000,0x00000000ecb00000,0x00000000ed000000)
 ParOldGen       total 62976K, used 9769K [0x00000000c0000000, 0x00000000c3d80000, 0x00000000eab00000)
  object space 62976K, 15% used [0x00000000c0000000,0x00000000c098a670,0x00000000c3d80000)
 Metaspace       used 20697K, capacity 21076K, committed 21248K, reserved 1067008K
  class space    used 2780K, capacity 2950K, committed 3072K, reserved 1048576K
}
Event: 4.923 GC heap before
{Heap before GC invocations=6 (full 1):
 PSYoungGen      total 37888K, used 32768K [0x00000000eab00000, 0x00000000ef500000, 0x0000000100000000)
  eden space 32768K, 100% used [0x00000000eab00000,0x00000000ecb00000,0x00000000ecb00000)
  from space 5120K, 0% used [0x00000000ed000000,0x00000000ed000000,0x00000000ed500000)
  to   space 5120K, 0% used [0x00000000ecb00000,0x00000000ecb00000,0x00000000ed000000)
 ParOldGen       total 62976K, used 9769K [0x00000000c0000000, 0x00000000c3d80000, 0x00000000eab00000)
  object space 62976K, 15% used [0x00000000c0000000,0x00000000c098a670,0x00000000c3d80000)
 Metaspace       used 23377K, capacity 23874K, committed 24192K, reserved 1071104K
  class space    used 3197K, capacity 3343K, committed 3456K, reserved 1048576K
Event: 4.929 GC heap after
Heap after GC invocations=6 (full 1):
 PSYoungGen      total 37888K, used 3332K [0x00000000eab00000, 0x00000000ef280000, 0x0000000100000000)
  eden space 32768K, 0% used [0x00000000eab00000,0x00000000eab00000,0x00000000ecb00000)
  from space 5120K, 65% used [0x00000000ecb00000,0x00000000ece410e0,0x00000000ed000000)
  to   space 11264K, 0% used [0x00000000ee780000,0x00000000ee780000,0x00000000ef280000)
 ParOldGen       total 62976K, used 9777K [0x00000000c0000000, 0x00000000c3d80000, 0x00000000eab00000)
  object space 62976K, 15% used [0x00000000c0000000,0x00000000c098c670,0x00000000c3d80000)
 Metaspace       used 23377K, capacity 23874K, committed 24192K, reserved 1071104K
  class space    used 3197K, capacity 3343K, committed 3456K, reserved 1048576K
}
Event: 5.671 GC heap before
{Heap before GC invocations=7 (full 1):
 PSYoungGen      total 37888K, used 36100K [0x00000000eab00000, 0x00000000ef280000, 0x0000000100000000)
  eden space 32768K, 100% used [0x00000000eab00000,0x00000000ecb00000,0x00000000ecb00000)
  from space 5120K, 65% used [0x00000000ecb00000,0x00000000ece410e0,0x00000000ed000000)
  to   space 11264K, 0% used [0x00000000ee780000,0x00000000ee780000,0x00000000ef280000)
 ParOldGen       total 62976K, used 9777K [0x00000000c0000000, 0x00000000c3d80000, 0x00000000eab00000)
  object space 62976K, 15% used [0x00000000c0000000,0x00000000c098c670,0x00000000c3d80000)
 Metaspace       used 26178K, capacity 26754K, committed 26880K, reserved 1073152K
  class space    used 3553K, capacity 3724K, committed 3840K, reserved 1048576K
Event: 5.677 GC heap after
Heap after GC invocations=7 (full 1):
 PSYoungGen      total 59904K, used 5036K [0x00000000eab00000, 0x00000000ef100000, 0x0000000100000000)
  eden space 50176K, 0% used [0x00000000eab00000,0x00000000eab00000,0x00000000edc00000)
  from space 9728K, 51% used [0x00000000ee780000,0x00000000eec6b058,0x00000000ef100000)
  to   space 10752K, 0% used [0x00000000edc00000,0x00000000edc00000,0x00000000ee680000)
 ParOldGen       total 62976K, used 9785K [0x00000000c0000000, 0x00000000c3d80000, 0x00000000eab00000)
  object space 62976K, 15% used [0x00000000c0000000,0x00000000c098e670,0x00000000c3d80000)
 Metaspace       used 26178K, capacity 26754K, committed 26880K, reserved 1073152K
  class space    used 3553K, capacity 3724K, committed 3840K, reserved 1048576K
}
Event: 6.490 GC heap before
{Heap before GC invocations=8 (full 1):
 PSYoungGen      total 59904K, used 55212K [0x00000000eab00000, 0x00000000ef100000, 0x0000000100000000)
  eden space 50176K, 100% used [0x00000000eab00000,0x00000000edc00000,0x00000000edc00000)
  from space 9728K, 51% used [0x00000000ee780000,0x00000000eec6b058,0x00000000ef100000)
  to   space 10752K, 0% used [0x00000000edc00000,0x00000000edc00000,0x00000000ee680000)
 ParOldGen       total 62976K, used 9785K [0x00000000c0000000, 0x00000000c3d80000, 0x00000000eab00000)
  object space 62976K, 15% used [0x00000000c0000000,0x00000000c098e670,0x00000000c3d80000)
 Metaspace       used 30958K, capacity 31522K, committed 31872K, reserved 1077248K
  class space    used 4211K, capacity 4393K, committed 4480K, reserved 1048576K
Event: 6.503 GC heap after
Heap after GC invocations=8 (full 1):
 PSYoungGen      total 60928K, used 9593K [0x00000000eab00000, 0x00000000f0f80000, 0x0000000100000000)
  eden space 50176K, 0% used [0x00000000eab00000,0x00000000eab00000,0x00000000edc00000)
  from space 10752K, 89% used [0x00000000edc00000,0x00000000ee55e5e8,0x00000000ee680000)
  to   space 12288K, 0% used [0x00000000f0380000,0x00000000f0380000,0x00000000f0f80000)
 ParOldGen       total 62976K, used 9793K [0x00000000c0000000, 0x00000000c3d80000, 0x00000000eab00000)
  object space 62976K, 15% used [0x00000000c0000000,0x00000000c0990670,0x00000000c3d80000)
 Metaspace       used 30958K, capacity 31522K, committed 31872K, reserved 1077248K
  class space    used 4211K, capacity 4393K, committed 4480K, reserved 1048576K
}

